# JRE version: Java(TM) SE Runtime Environment (21.0.7+8) (build 21.0.7+8-LTS-245)
# Java VM: Java HotSpot(TM) 64-Bit Server VM (21.0.7+8-LTS-245, mixed mode, emulated-client, sharing, tiered, compressed oops, compressed class ptrs, g1 gc, windows-amd64)
GC Precious Log:
 CardTable entry size: 512
 Card Set container configuration: InlinePtr #cards 5 size 8 Array Of Cards #cards 12 size 40 Howl #buckets 4 coarsen threshold 1843 Howl Bitmap #cards 512 size 80 coarsen threshold 460 Card regions per heap region 1 cards per card region 2048
 CPUs: 8 total, 8 available
 Memory: 8101M
 Large Page Support: Disabled
 NUMA Support: Disabled
 Compressed Oops: Enabled (32-bit)
 Heap Region Size: 1M
 Heap Min Capacity: 8M
 Heap Initial Capacity: 128M
 Heap Max Capacity: 2026M
 Pre-touch: Disabled
 Parallel Workers: 8
 Concurrent Workers: 2
 Concurrent Refinement Workers: 8
 Periodic GC: Disabled
Heap:
 garbage-first heap   total 60416K, used 47467K [0x0000000081600000, 0x0000000100000000)
  region size 1024K, 13 young (13312K), 3 survivors (3072K)
 Metaspace       used 74433K, committed 75200K, reserved 1114112K
  class space    used 10691K, committed 11008K, reserved 1048576K
GC Heap History (20 events):
Event: 7.189 GC heap before
{Heap before GC invocations=9 (full 0):
 garbage-first heap   total 58368K, used 47192K [0x0000000081600000, 0x0000000100000000)
  region size 1024K, 26 young (26624K), 3 survivors (3072K)
 Metaspace       used 41337K, committed 41984K, reserved 1114112K
  class space    used 5653K, committed 5952K, reserved 1048576K
}
Event: 7.193 GC heap after
{Heap after GC invocations=10 (full 0):
 garbage-first heap   total 58368K, used 25740K [0x0000000081600000, 0x0000000100000000)
  region size 1024K, 2 young (2048K), 2 survivors (2048K)
 Metaspace       used 41337K, committed 41984K, reserved 1114112K
  class space    used 5653K, committed 5952K, reserved 1048576K
}
Event: 13.535 GC heap before
{Heap before GC invocations=10 (full 0):
 garbage-first heap   total 58368K, used 48268K [0x0000000081600000, 0x0000000100000000)
  region size 1024K, 25 young (25600K), 2 survivors (2048K)
 Metaspace       used 49318K, committed 49984K, reserved 1114112K
  class space    used 6549K, committed 6848K, reserved 1048576K
}
Event: 13.539 GC heap after
{Heap after GC invocations=11 (full 0):
 garbage-first heap   total 58368K, used 27230K [0x0000000081600000, 0x0000000100000000)
  region size 1024K, 4 young (4096K), 4 survivors (4096K)
 Metaspace       used 49318K, committed 49984K, reserved 1114112K
  class space    used 6549K, committed 6848K, reserved 1048576K
}
Event: 14.165 GC heap before
{Heap before GC invocations=11 (full 0):
 garbage-first heap   total 58368K, used 47710K [0x0000000081600000, 0x0000000100000000)
  region size 1024K, 25 young (25600K), 4 survivors (4096K)
 Metaspace       used 54054K, committed 54720K, reserved 1114112K
  class space    used 7151K, committed 7424K, reserved 1048576K
}
Event: 14.170 GC heap after
{Heap after GC invocations=12 (full 0):
 garbage-first heap   total 58368K, used 28817K [0x0000000081600000, 0x0000000100000000)
  region size 1024K, 4 young (4096K), 4 survivors (4096K)
 Metaspace       used 54054K, committed 54720K, reserved 1114112K
  class space    used 7151K, committed 7424K, reserved 1048576K
}
Event: 14.710 GC heap before
{Heap before GC invocations=12 (full 0):
 garbage-first heap   total 58368K, used 46225K [0x0000000081600000, 0x0000000100000000)
  region size 1024K, 23 young (23552K), 4 survivors (4096K)
 Metaspace       used 59923K, committed 60608K, reserved 1114112K
  class space    used 8131K, committed 8384K, reserved 1048576K
}
Event: 14.714 GC heap after
{Heap after GC invocations=13 (full 0):
 garbage-first heap   total 58368K, used 29511K [0x0000000081600000, 0x0000000100000000)
  region size 1024K, 3 young (3072K), 3 survivors (3072K)
 Metaspace       used 59923K, committed 60608K, reserved 1114112K
  class space    used 8131K, committed 8384K, reserved 1048576K
}
Event: 15.205 GC heap before
{Heap before GC invocations=14 (full 0):
 garbage-first heap   total 58368K, used 49991K [0x0000000081600000, 0x0000000100000000)
  region size 1024K, 23 young (23552K), 3 survivors (3072K)
 Metaspace       used 63021K, committed 63744K, reserved 1114112K
  class space    used 8682K, committed 8960K, reserved 1048576K
}
Event: 15.208 GC heap after
{Heap after GC invocations=15 (full 0):
 garbage-first heap   total 58368K, used 30260K [0x0000000081600000, 0x0000000100000000)
  region size 1024K, 2 young (2048K), 2 survivors (2048K)
 Metaspace       used 63021K, committed 63744K, reserved 1114112K
  class space    used 8682K, committed 8960K, reserved 1048576K
}
Event: 15.721 GC heap before
{Heap before GC invocations=15 (full 0):
 garbage-first heap   total 58368K, used 51764K [0x0000000081600000, 0x0000000100000000)
  region size 1024K, 23 young (23552K), 2 survivors (2048K)
 Metaspace       used 67102K, committed 67904K, reserved 1114112K
  class space    used 9220K, committed 9600K, reserved 1048576K
}
Event: 15.725 GC heap after
{Heap after GC invocations=16 (full 0):
 garbage-first heap   total 58368K, used 31823K [0x0000000081600000, 0x0000000100000000)
  region size 1024K, 3 young (3072K), 3 survivors (3072K)
 Metaspace       used 67102K, committed 67904K, reserved 1114112K
  class space    used 9220K, committed 9600K, reserved 1048576K
}
Event: 16.192 GC heap before
{Heap before GC invocations=16 (full 0):
 garbage-first heap   total 58368K, used 50255K [0x0000000081600000, 0x0000000100000000)
  region size 1024K, 21 young (21504K), 3 survivors (3072K)
 Metaspace       used 70616K, committed 71424K, reserved 1114112K
  class space    used 9863K, committed 10240K, reserved 1048576K
}
Event: 16.196 GC heap after
{Heap after GC invocations=17 (full 0):
 garbage-first heap   total 58368K, used 32876K [0x0000000081600000, 0x0000000100000000)
  region size 1024K, 1 young (1024K), 1 survivors (1024K)
 Metaspace       used 70616K, committed 71424K, reserved 1114112K
  class space    used 9863K, committed 10240K, reserved 1048576K
}
Event: 16.643 GC heap before
{Heap before GC invocations=18 (full 0):
 garbage-first heap   total 60416K, used 51308K [0x0000000081600000, 0x0000000100000000)
  region size 1024K, 20 young (20480K), 1 survivors (1024K)
 Metaspace       used 72602K, committed 73344K, reserved 1114112K
  class space    used 10308K, committed 10624K, reserved 1048576K
}
Event: 16.646 GC heap after
{Heap after GC invocations=19 (full 0):
 garbage-first heap   total 60416K, used 33945K [0x0000000081600000, 0x0000000100000000)
  region size 1024K, 2 young (2048K), 2 survivors (2048K)
 Metaspace       used 72602K, committed 73344K, reserved 1114112K
  class space    used 10308K, committed 10624K, reserved 1048576K
}
Event: 16.962 GC heap before
{Heap before GC invocations=19 (full 0):
 garbage-first heap   total 60416K, used 52377K [0x0000000081600000, 0x0000000100000000)
  region size 1024K, 21 young (21504K), 2 survivors (2048K)
 Metaspace       used 74419K, committed 75136K, reserved 1114112K
  class space    used 10691K, committed 11008K, reserved 1048576K
}
Event: 16.967 GC heap after
{Heap after GC invocations=20 (full 0):
 garbage-first heap   total 60416K, used 35840K [0x0000000081600000, 0x0000000100000000)
  region size 1024K, 3 young (3072K), 3 survivors (3072K)
 Metaspace       used 74419K, committed 75136K, reserved 1114112K
  class space    used 10691K, committed 11008K, reserved 1048576K
}
Event: 17.016 GC heap before
{Heap before GC invocations=20 (full 0):
 garbage-first heap   total 60416K, used 53248K [0x0000000081600000, 0x0000000100000000)
  region size 1024K, 20 young (20480K), 3 survivors (3072K)
 Metaspace       used 74422K, committed 75200K, reserved 1114112K
  class space    used 10691K, committed 11008K, reserved 1048576K
}
Event: 17.021 GC heap after
{Heap after GC invocations=21 (full 0):
 garbage-first heap   total 60416K, used 38251K [0x0000000081600000, 0x0000000100000000)
  region size 1024K, 3 young (3072K), 3 survivors (3072K)
 Metaspace       used 74422K, committed 75200K, reserved 1114112K
  class space    used 10691K, committed 11008K, reserved 1048576K
}

